<?xml version="1.0" encoding="UTF-8"?>
<!-- Generated by org.testng.reporters.JUnitReportReporter -->
<testsuite skipped="0" hostname="vivekChaudhary" name="EMS.EMS.LoginEMS" tests="1" failures="0" timestamp="25 Sep 2019 13:27:34 GMT" time="8.228" errors="0">
  <testcase name="preRequirement" time="8.228" classname="EMS.EMS.LoginEMS"/>
</testsuite> <!-- EMS.EMS.LoginEMS -->
